[debug] [2025-12-10T12:55:20.237Z] ----------------------------------------------------------------------
[debug] [2025-12-10T12:55:20.242Z] Command:       C:\nvm4w\nodejs\node.exe C:\nvm4w\nodejs\node_modules\firebase-tools\lib\bin\firebase.js init
[debug] [2025-12-10T12:55:20.243Z] CLI Version:   14.25.0
[debug] [2025-12-10T12:55:20.243Z] Platform:      win32
[debug] [2025-12-10T12:55:20.243Z] Node Version:  v22.9.0
[debug] [2025-12-10T12:55:20.244Z] Time:          Wed Dec 10 2025 14:55:20 GMT+0200 (за східноєвропейським стандартним часом)
[debug] [2025-12-10T12:55:20.244Z] ----------------------------------------------------------------------
[debug] 
[debug] [2025-12-10T12:55:20.248Z] >>> [apiv2][query] GET https://firebase-public.firebaseio.com/cli.json [none]
[info] 
     ######## #### ########  ######## ########     ###     ######  ########
     ##        ##  ##     ## ##       ##     ##  ##   ##  ##       ##
     ######    ##  ########  ######   ########  #########  ######  ######
     ##        ##  ##    ##  ##       ##     ## ##     ##       ## ##
     ##       #### ##     ## ######## ########  ##     ##  ######  ########

You're about to initialize a Firebase project in this directory:

  C:\Users\User\Documents\Tasks\Vue\vue-theme-main\10-composition\mini_freelance_exchange

Before we get started, keep in mind:

  * You are initializing within an existing Firebase project directory

[debug] [2025-12-10T12:55:20.804Z] *** [apiv2] error from fetch(https://firebase-public.firebaseio.com/cli.json, {"headers":{},"method":"GET"}): FetchError: request to https://firebase-public.firebaseio.com/cli.json failed, reason: getaddrinfo ENOTFOUND firebase-public.firebaseio.com
[warn] !  Unable to fetch the CLI MOTD and remote config. This is not a fatal error, but may indicate an issue with your network connection. 
[debug] [2025-12-10T12:55:20.805Z] Failed to fetch MOTD FirebaseError: Failed to make request to https://firebase-public.firebaseio.com/cli.json
[debug] [2025-12-10T12:55:56.609Z] ExitPromptError: User force closed the prompt with SIGINT
    at Interface.sigint (C:\Users\User\AppData\Local\nvm\v22.9.0\node_modules\firebase-tools\node_modules\@inquirer\core\dist\commonjs\lib\create-prompt.js:101:37)
    at Interface.emit (node:events:519:28)
    at Interface.emit (node:domain:488:12)
    at [_ttyWrite] [as _ttyWrite] (node:internal/readline/interface:1124:18)
    at ReadStream.onkeypress (node:internal/readline/interface:263:20)
    at ReadStream.emit (node:events:531:35)
    at ReadStream.emit (node:domain:488:12)
    at emitKeys (node:internal/readline/utils:370:14)
    at emitKeys.next (<anonymous>)
    at ReadStream.onData (node:internal/readline/emitKeypressEvents:64:36)
[error] 
[error] Error: An unexpected error has occurred.
